<?xml version="1.0" encoding="UTF-8"?>
<testng-results skipped="0" failed="1" ignored="0" total="1" passed="0">
  <reporter-output>
  </reporter-output>
  <suite name="Default suite" duration-ms="85123" started-at="2018-05-02T12:00:54Z" finished-at="2018-05-02T12:02:19Z">
    <groups>
    </groups>
    <test name="Default test" duration-ms="85123" started-at="2018-05-02T12:00:54Z" finished-at="2018-05-02T12:02:19Z">
      <class name="appiumDemoPro.BobbleCase1Test">
        <test-method status="PASS" signature="reportGrenerator()[pri:0, instance:appiumDemoPro.BobbleCase1Test@28ac3dc3]" name="reportGrenerator" is-config="true" duration-ms="281" started-at="2018-05-02T12:00:54Z" finished-at="2018-05-02T12:00:54Z">
          <reporter-output>
          </reporter-output>
        </test-method> <!-- reportGrenerator -->
        <test-method status="PASS" signature="launchApp()[pri:0, instance:appiumDemoPro.BobbleCase1Test@28ac3dc3]" name="launchApp" is-config="true" duration-ms="38141" started-at="2018-05-02T12:00:54Z" finished-at="2018-05-02T12:01:32Z">
          <reporter-output>
          </reporter-output>
        </test-method> <!-- launchApp -->
        <test-method status="FAIL" signature="languageTabTest()[pri:0, instance:appiumDemoPro.BobbleCase1Test@28ac3dc3]" name="languageTabTest" duration-ms="45588" started-at="2018-05-02T12:01:32Z" finished-at="2018-05-02T12:02:18Z">
          <exception class="org.openqa.selenium.NoSuchElementException">
            <message>
              <![CDATA[An element could not be located on the page using the given search parameters. (WARNING: The server did not provide any stacktrace information)
Command duration or timeout: 30.04 seconds
For documentation on this error, please visit: http://seleniumhq.org/exceptions/no_such_element.html
Build info: version: '2.53.1', revision: 'a36b8b1cd5757287168e54b817830adce9b0158d', time: '2016-06-30 19:26:09'
System info: host: 'TY-MF-050', ip: '10.10.14.59', os.name: 'Windows 10', os.arch: 'amd64', os.version: '10.0', java.version: '1.8.0_73'
Driver info: io.appium.java_client.android.AndroidDriver
Capabilities [{appPackage=com.touchtalent.bobbleapp, deviceScreenSize=480x854, networkConnectionEnabled=true, warnings={}, databaseEnabled=false, deviceName=A97I2X17HA308636, platform=LINUX, deviceUDID=A97I2X17HA308636, appActivity=com.touchtalent.bobbleapp.activities.SplashActivity, desired={appActivity=com.touchtalent.bobbleapp.activities.SplashActivity, appPackage=com.touchtalent.bobbleapp, platformVersion=6.0, automationName=Appium, platformName=Android, deviceName=Lava A97}, platformVersion=6.0, webStorageEnabled=false, locationContextEnabled=false, automationName=Appium, takesScreenshot=true, javascriptEnabled=true, deviceModel=A97 IPS, platformName=Android, deviceManufacturer=Lava}]
Session ID: 5bc848e0-f4a2-492c-8d51-47048400bc53
*** Element info: {Using=xpath, value=(//android.widget.TextView[contains(@text,'ZZZZ')])[2]}]]>
            </message>
            <full-stacktrace>
              <![CDATA[org.openqa.selenium.NoSuchElementException: An element could not be located on the page using the given search parameters. (WARNING: The server did not provide any stacktrace information)
Command duration or timeout: 30.04 seconds
For documentation on this error, please visit: http://seleniumhq.org/exceptions/no_such_element.html
Build info: version: '2.53.1', revision: 'a36b8b1cd5757287168e54b817830adce9b0158d', time: '2016-06-30 19:26:09'
System info: host: 'TY-MF-050', ip: '10.10.14.59', os.name: 'Windows 10', os.arch: 'amd64', os.version: '10.0', java.version: '1.8.0_73'
Driver info: io.appium.java_client.android.AndroidDriver
Capabilities [{appPackage=com.touchtalent.bobbleapp, deviceScreenSize=480x854, networkConnectionEnabled=true, warnings={}, databaseEnabled=false, deviceName=A97I2X17HA308636, platform=LINUX, deviceUDID=A97I2X17HA308636, appActivity=com.touchtalent.bobbleapp.activities.SplashActivity, desired={appActivity=com.touchtalent.bobbleapp.activities.SplashActivity, appPackage=com.touchtalent.bobbleapp, platformVersion=6.0, automationName=Appium, platformName=Android, deviceName=Lava A97}, platformVersion=6.0, webStorageEnabled=false, locationContextEnabled=false, automationName=Appium, takesScreenshot=true, javascriptEnabled=true, deviceModel=A97 IPS, platformName=Android, deviceManufacturer=Lava}]
Session ID: 5bc848e0-f4a2-492c-8d51-47048400bc53
*** Element info: {Using=xpath, value=(//android.widget.TextView[contains(@text,'ZZZZ')])[2]}
at sun.reflect.NativeConstructorAccessorImpl.newInstance0(Native Method)
at sun.reflect.NativeConstructorAccessorImpl.newInstance(NativeConstructorAccessorImpl.java:62)
at sun.reflect.DelegatingConstructorAccessorImpl.newInstance(DelegatingConstructorAccessorImpl.java:45)
at java.lang.reflect.Constructor.newInstance(Constructor.java:422)
at org.openqa.selenium.remote.ErrorHandler.createThrowable(ErrorHandler.java:206)
at org.openqa.selenium.remote.ErrorHandler.throwIfResponseFailed(ErrorHandler.java:158)
at org.openqa.selenium.remote.RemoteWebDriver.execute(RemoteWebDriver.java:678)
at io.appium.java_client.DefaultGenericMobileDriver.execute(DefaultGenericMobileDriver.java:40)
at io.appium.java_client.AppiumDriver.execute(AppiumDriver.java:1)
at io.appium.java_client.android.AndroidDriver.execute(AndroidDriver.java:1)
at org.openqa.selenium.remote.RemoteWebDriver.findElement(RemoteWebDriver.java:363)
at io.appium.java_client.DefaultGenericMobileDriver.findElement(DefaultGenericMobileDriver.java:56)
at io.appium.java_client.AppiumDriver.findElement(AppiumDriver.java:1)
at io.appium.java_client.android.AndroidDriver.findElement(AndroidDriver.java:1)
at org.openqa.selenium.remote.RemoteWebDriver.findElementByXPath(RemoteWebDriver.java:500)
at io.appium.java_client.DefaultGenericMobileDriver.findElementByXPath(DefaultGenericMobileDriver.java:134)
at io.appium.java_client.AppiumDriver.findElementByXPath(AppiumDriver.java:1)
at io.appium.java_client.android.AndroidDriver.findElementByXPath(AndroidDriver.java:1)
at org.openqa.selenium.By$ByXPath.findElement(By.java:361)
at org.openqa.selenium.remote.RemoteWebDriver.findElement(RemoteWebDriver.java:355)
at io.appium.java_client.DefaultGenericMobileDriver.findElement(DefaultGenericMobileDriver.java:52)
at io.appium.java_client.AppiumDriver.findElement(AppiumDriver.java:1)
at io.appium.java_client.android.AndroidDriver.findElement(AndroidDriver.java:1)
at com.bobbleKeyboard.pageObjectlib.BobblePage.addLanguage1(BobblePage.java:194)
at appiumDemoPro.BobbleCase1Test.languageTabTest(BobbleCase1Test.java:43)
at sun.reflect.NativeMethodAccessorImpl.invoke0(Native Method)
at sun.reflect.NativeMethodAccessorImpl.invoke(NativeMethodAccessorImpl.java:62)
at sun.reflect.DelegatingMethodAccessorImpl.invoke(DelegatingMethodAccessorImpl.java:43)
at java.lang.reflect.Method.invoke(Method.java:497)
at org.testng.internal.MethodInvocationHelper.invokeMethod(MethodInvocationHelper.java:124)
at org.testng.internal.Invoker.invokeMethod(Invoker.java:583)
at org.testng.internal.Invoker.invokeTestMethod(Invoker.java:719)
at org.testng.internal.Invoker.invokeTestMethods(Invoker.java:989)
at org.testng.internal.TestMethodWorker.invokeTestMethods(TestMethodWorker.java:125)
at org.testng.internal.TestMethodWorker.run(TestMethodWorker.java:109)
at org.testng.TestRunner.privateRun(TestRunner.java:648)
at org.testng.TestRunner.run(TestRunner.java:505)
at org.testng.SuiteRunner.runTest(SuiteRunner.java:455)
at org.testng.SuiteRunner.runSequentially(SuiteRunner.java:450)
at org.testng.SuiteRunner.privateRun(SuiteRunner.java:415)
at org.testng.SuiteRunner.run(SuiteRunner.java:364)
at org.testng.SuiteRunnerWorker.runSuite(SuiteRunnerWorker.java:52)
at org.testng.SuiteRunnerWorker.run(SuiteRunnerWorker.java:84)
at org.testng.TestNG.runSuitesSequentially(TestNG.java:1208)
at org.testng.TestNG.runSuitesLocally(TestNG.java:1137)
at org.testng.TestNG.runSuites(TestNG.java:1049)
at org.testng.TestNG.run(TestNG.java:1017)
at org.testng.remote.AbstractRemoteTestNG.run(AbstractRemoteTestNG.java:114)
at org.testng.remote.RemoteTestNG.initAndRun(RemoteTestNG.java:251)
at org.testng.remote.RemoteTestNG.main(RemoteTestNG.java:77)
]]>
            </full-stacktrace>
          </exception> <!-- org.openqa.selenium.NoSuchElementException -->
          <reporter-output>
          </reporter-output>
        </test-method> <!-- languageTabTest -->
        <test-method status="PASS" signature="cleanConfig(org.testng.ITestResult)[pri:0, instance:appiumDemoPro.BobbleCase1Test@28ac3dc3]" name="cleanConfig" is-config="true" duration-ms="908" started-at="2018-05-02T12:02:18Z" finished-at="2018-05-02T12:02:19Z">
          <params>
            <param index="0">
              <value>
                <![CDATA[[TestResult name=languageTabTest status=FAILURE method=BobbleCase1Test.languageTabTest()[pri:0, instance:appiumDemoPro.BobbleCase1Test@28ac3dc3] output={null}]]]>
              </value>
            </param>
          </params>
          <reporter-output>
          </reporter-output>
        </test-method> <!-- cleanConfig -->
        <test-method status="PASS" signature="closeReport()[pri:0, instance:appiumDemoPro.BobbleCase1Test@28ac3dc3]" name="closeReport" is-config="true" duration-ms="197" started-at="2018-05-02T12:02:19Z" finished-at="2018-05-02T12:02:19Z">
          <reporter-output>
          </reporter-output>
        </test-method> <!-- closeReport -->
      </class> <!-- appiumDemoPro.BobbleCase1Test -->
    </test> <!-- Default test -->
  </suite> <!-- Default suite -->
</testng-results>
